This is pdfTeX, Version 3.141592653-2.6-1.40.25 (MiKTeX 24.1) (preloaded format=pdflatex 2024.9.8)  13 MAR 2025 21:22
entering extended mode
 restricted \write18 enabled.
 file:line:error style messages enabled.
 %&-line parsing enabled.
**c:/Users/moksimqa/Documents/Projects/latexmatan/tex/chapter8/lec10.tex
(c:/Users/moksimqa/Documents/Projects/latexmatan/tex/chapter8/lec10.tex
LaTeX2e <2023-11-01> patch level 1
L3 programming layer <2024-01-04>
(C:\Program Files\MiKTeX\tex/latex/subfiles\subfiles.cls
Document Class: subfiles 2020/11/14 v2.2 Multi-file projects (class)
Preamble taken from file `../main.tex'
(C:\Program Files\MiKTeX\tex/latex/import\import.sty
Package: import 2020/04/01  v 6.2
) (../../main.tex (C:\Program Files\MiKTeX\tex/latex/base\report.cls
Document Class: report 2023/05/17 v1.4n Standard LaTeX document class
(C:\Program Files\MiKTeX\tex/latex/base\size10.clo
File: size10.clo 2023/05/17 v1.4n Standard LaTeX file (size option)
)
\c@part=\count187
\c@chapter=\count188
\c@section=\count189
\c@subsection=\count190
\c@subsubsection=\count191
\c@paragraph=\count192
\c@subparagraph=\count193
\c@figure=\count194
\c@table=\count195
\abovecaptionskip=\skip48
\belowcaptionskip=\skip49
\bibindent=\dimen140
)

! LaTeX Error: File `preamble.tex' not found.

Type X to quit or <RETURN> to proceed,
or enter new name. (Default extension: tex)

Enter file name: 
../../main.tex:3: Emergency stop.
<read *> 
         
l.3 \input{preamble.tex}
                        ^^M
*** (cannot \read from terminal in nonstop modes)

 
Here is how much of TeX's memory you used:
 313 strings out of 474486
 4568 string characters out of 5753562
 1924542 words of memory out of 5000000
 22676 multiletter control sequences out of 15000+600000
 558069 words of font info for 36 fonts, out of 8000000 for 9000
 1141 hyphenation exceptions out of 8191
 55i,0n,58p,225b,36s stack positions out of 10000i,1000n,20000p,200000b,200000s
../../main.tex:3:  ==> Fatal error occurred, no output PDF file produced!
